2024-05-25 03:37:30 +0000  Initial pipeline context: <IDEDistributionProcessingPipelineContext: 0x29fc1e540; archive(resolved)="<IDEArchive: 0x6000131934e0>", distributionTask(resolved)="2", distributionDestination(resolved)="1", distributionMethod(resolved)="<IDEDistributionMethodiOSAdHoc: 0x60001990ba10>", team(resolved)="<IDEProvisioningDisambiguatableBasicTeam: 0x6000003e3a80; teamID='ZUZ7T3GQMT', teamName='CDM SOFTWARE DEVELOPMENT COMPANY LIMITED', teamType='Company', username='quangdm@cdmteck.com', isFreeProvisioningTeam='0'>">
	Chain (15, self inclusive):
	<IDEDistributionProcessingPipelineContext: 0x29fc1e540; archive = "<IDEArchive: 0x6000131934e0>", distributionMethod="<IDEDistributionMethodiOSAdHoc: 0x60001990ba10>", team="<IDEProvisioningDisambiguatableBasicTeam: 0x6000003e3a80; teamID='ZUZ7T3GQMT', teamName='CDM SOFTWARE DEVELOPMENT COMPANY LIMITED', teamType='Company', username='quangdm@cdmteck.com', isFreeProvisioningTeam='0'>">
	<IDEDistributionProcessingPipelineContext: 0x29fc26dc0; archive = "<IDEArchive: 0x6000131934e0>", distributionMethod="<IDEDistributionMethodiOSAdHoc: 0x60001990ba10>", team="<IDEProvisioningDisambiguatableBasicTeam: 0x6000003e3a80; teamID='ZUZ7T3GQMT', teamName='CDM SOFTWARE DEVELOPMENT COMPANY LIMITED', teamType='Company', username='quangdm@cdmteck.com', isFreeProvisioningTeam='0'>">
	<IDEDistributionContext: 0x29fc21010; archive = "<IDEArchive: 0x6000131934e0>", distributionMethod="<IDEDistributionMethodiOSAdHoc: 0x60001990ba10>", team="<IDEProvisioningDisambiguatableBasicTeam: 0x6000003e3a80; teamID='ZUZ7T3GQMT', teamName='CDM SOFTWARE DEVELOPMENT COMPANY LIMITED', teamType='Company', username='quangdm@cdmteck.com', isFreeProvisioningTeam='0'>">
	<IDEDistributionContext: 0x29ff13930; archive = "<IDEArchive: 0x6000131934e0>", distributionMethod="<IDEDistributionMethodiOSAdHoc: 0x60001990ba10>", team="<IDEProvisioningDisambiguatableBasicTeam: 0x6000003e3a80; teamID='ZUZ7T3GQMT', teamName='CDM SOFTWARE DEVELOPMENT COMPANY LIMITED', teamType='Company', username='quangdm@cdmteck.com', isFreeProvisioningTeam='0'>">
	<IDEDistributionContext: 0x29ff94120; archive = "<IDEArchive: 0x6000131934e0>", distributionMethod="<IDEDistributionMethodiOSAdHoc: 0x60001990ba10>", team="<IDEProvisioningDisambiguatableBasicTeam: 0x6000003e3a80; teamID='ZUZ7T3GQMT', teamName='CDM SOFTWARE DEVELOPMENT COMPANY LIMITED', teamType='Company', username='quangdm@cdmteck.com', isFreeProvisioningTeam='0'>">
	<IDEDistributionContext: 0x29ff14080; archive = "<IDEArchive: 0x6000131934e0>", distributionMethod="<IDEDistributionMethodiOSAdHoc: 0x60001990ba10>", team="<IDEProvisioningDisambiguatableBasicTeam: 0x6000003e3a80; teamID='ZUZ7T3GQMT', teamName='CDM SOFTWARE DEVELOPMENT COMPANY LIMITED', teamType='Company', username='quangdm@cdmteck.com', isFreeProvisioningTeam='0'>">
	<IDEDistributionContext: 0x29fc04c30; archive = "<IDEArchive: 0x6000131934e0>", distributionMethod="<IDEDistributionMethodiOSAdHoc: 0x60001990ba10>", team="<IDEProvisioningDisambiguatableBasicTeam: 0x6000003e3a80; teamID='ZUZ7T3GQMT', teamName='CDM SOFTWARE DEVELOPMENT COMPANY LIMITED', teamType='Company', username='quangdm@cdmteck.com', isFreeProvisioningTeam='0'>">
	<IDEDistributionContext: 0x29fc3d1c0; archive = "<IDEArchive: 0x6000131934e0>", distributionMethod="<IDEDistributionMethodiOSAdHoc: 0x60001990ba10>", team="<IDEProvisioningDisambiguatableBasicTeam: 0x6000003e3a80; teamID='ZUZ7T3GQMT', teamName='CDM SOFTWARE DEVELOPMENT COMPANY LIMITED', teamType='Company', username='quangdm@cdmteck.com', isFreeProvisioningTeam='0'>">
	<IDEDistributionContext: 0x29f9e8dc0; archive = "<IDEArchive: 0x6000131934e0>", distributionMethod="<IDEDistributionMethodiOSAdHoc: 0x60001990ba10>", team="<IDEProvisioningDisambiguatableBasicTeam: 0x6000003e3a80; teamID='ZUZ7T3GQMT', teamName='CDM SOFTWARE DEVELOPMENT COMPANY LIMITED', teamType='Company', username='quangdm@cdmteck.com', isFreeProvisioningTeam='0'>">
	<IDEDistributionContext: 0x2a24c6410; archive = "<IDEArchive: 0x6000131934e0>", distributionMethod="<IDEDistributionMethodiOSAdHoc: 0x60001990ba10>", team="(null)">
	<IDEDistributionContext: 0x2a24c61e0; archive = "<IDEArchive: 0x6000131934e0>", distributionMethod="<IDEDistributionMethodiOSAdHoc: 0x60001990ba10>", team="(null)">
	<IDEDistributionContext: 0x17e60d650; archive = "<IDEArchive: 0x6000131934e0>", distributionMethod="<IDEDistributionMethodiOSAdHoc: 0x60001990ba10>", team="(null)">
	<IDEDistributionContext: 0x2a24b7060; archive = "<IDEArchive: 0x6000131934e0>", distributionMethod="(null)", team="(null)">
	<IDEDistributionContext: 0x29fcd3140; archive = "<IDEArchive: 0x6000131934e0>", distributionMethod="(null)", team="(null)">
	<IDEDistributionContext: 0x29ffcced0; archive = "<IDEArchive: 0x6000131934e0>", distributionMethod="(null)", team="(null)">
</IDEDistributionProcessingPipelineContext: 0x29fc1e540>
2024-05-25 03:37:30 +0000  Processing step: IDEDistributionCreateDestRootStep
2024-05-25 03:37:30 +0000  Processing step: IDEDistributionCopyItemStep
2024-05-25 03:37:30 +0000  Running /usr/bin/ditto '-V' '/Users/dominhquang/Library/Developer/Xcode/Archives/2024-05-25/SubWalletMobile 25-05-2024, 10.37.xcarchive/Products/Applications/SubWalletMobile.app' '/var/folders/6g/400j11zx22ldxm9qfsh7ryzh0000gn/T/XcodeDistPipeline.~~~xpYWAQ/Root/Payload/SubWalletMobile.app'
2024-05-25 03:37:30 +0000  >>> Copying /Users/dominhquang/Library/Developer/Xcode/Archives/2024-05-25/SubWalletMobile 25-05-2024, 10.37.xcarchive/Products/Applications/SubWalletMobile.app 
2024-05-25 03:37:30 +0000  copying file ./_CodeSignature/CodeResources ... 
2024-05-25 03:37:30 +0000  35668 bytes for ./_CodeSignature/CodeResources
copying file ./Fontisto.ttf ... 
2024-05-25 03:37:30 +0000  313528 bytes for ./Fontisto.ttf
2024-05-25 03:37:30 +0000  copying file ./Web.bundle/androidSite/fallback-6fe381d0214a6d4624d2.js ... 
2024-05-25 03:37:30 +0000  1496 bytes for ./Web.bundle/androidSite/fallback-6fe381d0214a6d4624d2.js
copying file ./Web.bundle/androidSite/index.html ... 
2024-05-25 03:37:30 +0000  428 bytes for ./Web.bundle/androidSite/index.html
2024-05-25 03:37:30 +0000  copying file ./Web.bundle/androidSite/locales/ur/translation.json ... 
2024-05-25 03:37:30 +0000  14773 bytes for ./Web.bundle/androidSite/locales/ur/translation.json
2024-05-25 03:37:30 +0000  copying file ./Web.bundle/androidSite/locales/pl/translation.json ... 
2024-05-25 03:37:30 +0000  11715 bytes for ./Web.bundle/androidSite/locales/pl/translation.json
2024-05-25 03:37:30 +0000  copying file ./Web.bundle/androidSite/locales/vi/translation.json ... 
2024-05-25 03:37:30 +0000  65449 bytes for ./Web.bundle/androidSite/locales/vi/translation.json
2024-05-25 03:37:30 +0000  copying file ./Web.bundle/androidSite/locales/ja/translation.json ... 
2024-05-25 03:37:30 +0000  72358 bytes for ./Web.bundle/androidSite/locales/ja/translation.json
2024-05-25 03:37:30 +0000  copying file ./Web.bundle/androidSite/locales/ru/translation.json ... 
2024-05-25 03:37:30 +0000  77253 bytes for ./Web.bundle/androidSite/locales/ru/translation.json
2024-05-25 03:37:30 +0000  copying file ./Web.bundle/androidSite/locales/default/translation.json ... 
2024-05-25 03:37:30 +0000  20265 bytes for ./Web.bundle/androidSite/locales/default/translation.json
2024-05-25 03:37:30 +0000  copying file ./Web.bundle/androidSite/locales/zh/translation.json ... 
2024-05-25 03:37:30 +0000  59214 bytes for ./Web.bundle/androidSite/locales/zh/translation.json
2024-05-25 03:37:30 +0000  copying file ./Web.bundle/androidSite/locales/fr/translation.json ... 
2024-05-25 03:37:30 +0000  11389 bytes for ./Web.bundle/androidSite/locales/fr/translation.json
2024-05-25 03:37:30 +0000  copying file ./Web.bundle/androidSite/locales/en/translation.json ... 
2024-05-25 03:37:30 +0000  46829 bytes for ./Web.bundle/androidSite/locales/en/translation.json
2024-05-25 03:37:30 +0000  copying file ./Web.bundle/androidSite/locales/th/translation.json ... 
2024-05-25 03:37:30 +0000  17388 bytes for ./Web.bundle/androidSite/locales/th/translation.json
2024-05-25 03:37:30 +0000  copying file ./Web.bundle/androidSite/locales/tr/translation.json ... 
2024-05-25 03:37:30 +0000  11577 bytes for ./Web.bundle/androidSite/locales/tr/translation.json
2024-05-25 03:37:30 +0000  copying file ./Web.bundle/androidSite/201-78941633235d13cd2ed6.js ... 
2024-05-25 03:37:30 +0000  447098 bytes for ./Web.bundle/androidSite/201-78941633235d13cd2ed6.js
copying file ./Web.bundle/androidSite/659-afbe9072c58972dfc2b7.js ... 
2024-05-25 03:37:30 +0000  196012 bytes for ./Web.bundle/androidSite/659-afbe9072c58972dfc2b7.js
2024-05-25 03:37:30 +0000  copying file ./Web.bundle/androidSite/web-runner-0ae2d28a3cc632ad374e.js ... 
2024-05-25 03:37:30 +0000  7899197 bytes for ./Web.bundle/androidSite/web-runner-0ae2d28a3cc632ad374e.js
2024-05-25 03:37:30 +0000  copying file ./Web.bundle/androidSite/265-2e4c815e5ae78be0eaa6.js ... 
2024-05-25 03:37:30 +0000  146725 bytes for ./Web.bundle/androidSite/265-2e4c815e5ae78be0eaa6.js
2024-05-25 03:37:30 +0000  copying file ./Web.bundle/androidSite/832-2621598dd9b0420fb94b.js ... 
2024-05-25 03:37:30 +0000  2288 bytes for ./Web.bundle/androidSite/832-2621598dd9b0420fb94b.js
2024-05-25 03:37:30 +0000  copying file ./Web.bundle/androidSite/307-38f59dab88251c3939ce.js ... 
2024-05-25 03:37:30 +0000  538348 bytes for ./Web.bundle/androidSite/307-38f59dab88251c3939ce.js
copying file ./Web.bundle/androidSite/911-993e47f89b691c0e0c08.js ... 
2024-05-25 03:37:30 +0000  25278 bytes for ./Web.bundle/androidSite/911-993e47f89b691c0e0c08.js
2024-05-25 03:37:30 +0000  copying file ./Web.bundle/androidSite/998-a5495f9021502217f220.js ... 
2024-05-25 03:37:30 +0000  2968505 bytes for ./Web.bundle/androidSite/998-a5495f9021502217f220.js
2024-05-25 03:37:30 +0000  copying file ./Web.bundle/site/fallback-6fe381d0214a6d4624d2.js ... 
2024-05-25 03:37:30 +0000  1496 bytes for ./Web.bundle/site/fallback-6fe381d0214a6d4624d2.js
copying file ./Web.bundle/site/index.html ... 
2024-05-25 03:37:30 +0000  428 bytes for ./Web.bundle/site/index.html
2024-05-25 03:37:30 +0000  copying file ./Web.bundle/site/locales/ur/translation.json ... 
2024-05-25 03:37:30 +0000  14773 bytes for ./Web.bundle/site/locales/ur/translation.json
2024-05-25 03:37:30 +0000  copying file ./Web.bundle/site/locales/pl/translation.json ... 
2024-05-25 03:37:30 +0000  11715 bytes for ./Web.bundle/site/locales/pl/translation.json
2024-05-25 03:37:30 +0000  copying file ./Web.bundle/site/locales/vi/translation.json ... 
2024-05-25 03:37:30 +0000  65449 bytes for ./Web.bundle/site/locales/vi/translation.json
2024-05-25 03:37:30 +0000  copying file ./Web.bundle/site/locales/ja/translation.json ... 
2024-05-25 03:37:30 +0000  72358 bytes for ./Web.bundle/site/locales/ja/translation.json
2024-05-25 03:37:30 +0000  copying file ./Web.bundle/site/locales/ru/translation.json ... 
2024-05-25 03:37:30 +0000  77253 bytes for ./Web.bundle/site/locales/ru/translation.json
2024-05-25 03:37:30 +0000  copying file ./Web.bundle/site/locales/default/translation.json ... 
2024-05-25 03:37:30 +0000  20265 bytes for ./Web.bundle/site/locales/default/translation.json
2024-05-25 03:37:30 +0000  copying file ./Web.bundle/site/locales/zh/translation.json ... 
2024-05-25 03:37:30 +0000  59214 bytes for ./Web.bundle/site/locales/zh/translation.json
2024-05-25 03:37:30 +0000  copying file ./Web.bundle/site/locales/fr/translation.json ... 
2024-05-25 03:37:30 +0000  11389 bytes for ./Web.bundle/site/locales/fr/translation.json
2024-05-25 03:37:30 +0000  copying file ./Web.bundle/site/locales/en/translation.json ... 
2024-05-25 03:37:30 +0000  46829 bytes for ./Web.bundle/site/locales/en/translation.json
2024-05-25 03:37:30 +0000  copying file ./Web.bundle/site/locales/th/translation.json ... 
2024-05-25 03:37:30 +0000  17388 bytes for ./Web.bundle/site/locales/th/translation.json
2024-05-25 03:37:30 +0000  copying file ./Web.bundle/site/locales/tr/translation.json ... 
2024-05-25 03:37:30 +0000  11577 bytes for ./Web.bundle/site/locales/tr/translation.json
2024-05-25 03:37:30 +0000  copying file ./Web.bundle/site/201-78941633235d13cd2ed6.js ... 
2024-05-25 03:37:30 +0000  447098 bytes for ./Web.bundle/site/201-78941633235d13cd2ed6.js
2024-05-25 03:37:30 +0000  copying file ./Web.bundle/site/659-afbe9072c58972dfc2b7.js ... 
2024-05-25 03:37:30 +0000  196012 bytes for ./Web.bundle/site/659-afbe9072c58972dfc2b7.js
2024-05-25 03:37:30 +0000  copying file ./Web.bundle/site/98fbf7a34bbad0222a67.module.wasm ... 
2024-05-25 03:37:30 +0000  44063 bytes for ./Web.bundle/site/98fbf7a34bbad0222a67.module.wasm
copying file ./Web.bundle/site/265-2e4c815e5ae78be0eaa6.js ... 
2024-05-25 03:37:30 +0000  146725 bytes for ./Web.bundle/site/265-2e4c815e5ae78be0eaa6.js
2024-05-25 03:37:30 +0000  copying file ./Web.bundle/site/f61b28262cc48d9463b9.module.wasm ... 
2024-05-25 03:37:30 +0000  39969 bytes for ./Web.bundle/site/f61b28262cc48d9463b9.module.wasm
2024-05-25 03:37:30 +0000  copying file ./Web.bundle/site/web-runner-35990cb160c8593c0c2e.js ... 
2024-05-25 03:37:30 +0000  8034914 bytes for ./Web.bundle/site/web-runner-35990cb160c8593c0c2e.js
2024-05-25 03:37:30 +0000  copying file ./Web.bundle/site/566175618152a03f69ea.module.wasm ... 
2024-05-25 03:37:30 +0000  118169 bytes for ./Web.bundle/site/566175618152a03f69ea.module.wasm
2024-05-25 03:37:30 +0000  copying file ./Web.bundle/site/1bf4fdce9fbce91bbe77.module.wasm ... 
2024-05-25 03:37:30 +0000  168703 bytes for ./Web.bundle/site/1bf4fdce9fbce91bbe77.module.wasm
2024-05-25 03:37:30 +0000  copying file ./Web.bundle/site/832-2621598dd9b0420fb94b.js ... 
2024-05-25 03:37:30 +0000  2288 bytes for ./Web.bundle/site/832-2621598dd9b0420fb94b.js
copying file ./Web.bundle/site/307-38f59dab88251c3939ce.js ... 
2024-05-25 03:37:30 +0000  538348 bytes for ./Web.bundle/site/307-38f59dab88251c3939ce.js
2024-05-25 03:37:30 +0000  copying file ./Web.bundle/site/911-993e47f89b691c0e0c08.js ... 
2024-05-25 03:37:30 +0000  25278 bytes for ./Web.bundle/site/911-993e47f89b691c0e0c08.js
copying file ./Web.bundle/site/998-a5495f9021502217f220.js ... 
2024-05-25 03:37:30 +0000  2968505 bytes for ./Web.bundle/site/998-a5495f9021502217f220.js
2024-05-25 03:37:30 +0000  copying file ./Octicons.ttf ... 
2024-05-25 03:37:30 +0000  49404 bytes for ./Octicons.ttf
2024-05-25 03:37:30 +0000  copying file ./Feather.ttf ... 
2024-05-25 03:37:30 +0000  56228 bytes for ./Feather.ttf
2024-05-25 03:37:30 +0000  copying file ./SplashScreen.storyboardc/01J-lp-oVM-view-Ze5-6b-2t3.nib ... 
2024-05-25 03:37:30 +0000  5046 bytes for ./SplashScreen.storyboardc/01J-lp-oVM-view-Ze5-6b-2t3.nib
2024-05-25 03:37:30 +0000  copying file ./SplashScreen.storyboardc/UIViewController-01J-lp-oVM.nib ... 
2024-05-25 03:37:30 +0000  924 bytes for ./SplashScreen.storyboardc/UIViewController-01J-lp-oVM.nib
copying file ./SplashScreen.storyboardc/Info.plist ... 
258 bytes for ./SplashScreen.storyboardc/Info.plist
copying file ./PageJs.bundle/page.js ... 
2024-05-25 03:37:30 +0000  70590 bytes for ./PageJs.bundle/page.js
2024-05-25 03:37:30 +0000  copying file ./FontAwesome6_Regular.ttf ... 
2024-05-25 03:37:30 +0000  63348 bytes for ./FontAwesome6_Regular.ttf
copying file ./Entypo.ttf ... 
2024-05-25 03:37:30 +0000  66200 bytes for ./Entypo.ttf
2024-05-25 03:37:30 +0000  copying file ./FontAwesome5_Brands.ttf ... 
2024-05-25 03:37:30 +0000  134040 bytes for ./FontAwesome5_Brands.ttf
2024-05-25 03:37:30 +0000  copying file ./MaterialCommunityIcons.ttf ... 
2024-05-25 03:37:30 +0000  1147844 bytes for ./MaterialCommunityIcons.ttf
copying file ./AppIcon60x60@2x.png ... 
2024-05-25 03:37:30 +0000  19577 bytes for ./AppIcon60x60@2x.png
copying file ./AntDesign.ttf ... 
2024-05-25 03:37:30 +0000  70344 bytes for ./AntDesign.ttf
copying file ./Foundation.ttf ... 
2024-05-25 03:37:30 +0000  56976 bytes for ./Foundation.ttf
copying file ./Ionicons.ttf ... 
2024-05-25 03:37:30 +0000  442604 bytes for ./Ionicons.ttf
copying file ./FontAwesome5_Solid.ttf ... 
2024-05-25 03:37:30 +0000  202744 bytes for ./FontAwesome5_Solid.ttf
2024-05-25 03:37:30 +0000  copying file ./FontAwesome5_Regular.ttf ... 
2024-05-25 03:37:30 +0000  33736 bytes for ./FontAwesome5_Regular.ttf
2024-05-25 03:37:30 +0000  copying file ./AccessibilityResources.bundle/en.lproj/Localizable.strings ... 
2024-05-25 03:37:30 +0000  518 bytes for ./AccessibilityResources.bundle/en.lproj/Localizable.strings
2024-05-25 03:37:30 +0000  copying file ./AccessibilityResources.bundle/Info.plist ... 
2024-05-25 03:37:30 +0000  793 bytes for ./AccessibilityResources.bundle/Info.plist
copying file ./FontAwesome.ttf ... 
2024-05-25 03:37:30 +0000  165548 bytes for ./FontAwesome.ttf
2024-05-25 03:37:30 +0000  copying file ./Zocial.ttf ... 
2024-05-25 03:37:30 +0000  25788 bytes for ./Zocial.ttf
copying file ./Assets.car ... 
2024-05-25 03:37:30 +0000  4795967 bytes for ./Assets.car
2024-05-25 03:37:30 +0000  copying file ./EvilIcons.ttf ... 
2024-05-25 03:37:30 +0000  13456 bytes for ./EvilIcons.ttf
2024-05-25 03:37:30 +0000  copying file ./AppIcon76x76@2x~ipad.png ... 
2024-05-25 03:37:30 +0000  26974 bytes for ./AppIcon76x76@2x~ipad.png
2024-05-25 03:37:30 +0000  copying file ./main.jsbundle ... 
2024-05-25 03:37:31 +0000  30551980 bytes for ./main.jsbundle
copying file ./FontAwesome6_Solid.ttf ... 
2024-05-25 03:37:31 +0000  394668 bytes for ./FontAwesome6_Solid.ttf
copying file ./PrivacyInfo.xcprivacy ... 
2024-05-25 03:37:31 +0000  1109 bytes for ./PrivacyInfo.xcprivacy
2024-05-25 03:37:31 +0000  copying file ./Frameworks/hermes.framework/_CodeSignature/CodeResources ... 
2024-05-25 03:37:31 +0000  1798 bytes for ./Frameworks/hermes.framework/_CodeSignature/CodeResources
2024-05-25 03:37:31 +0000  copying file ./Frameworks/hermes.framework/hermes ... 
2024-05-25 03:37:33 +0000  508276416 bytes for ./Frameworks/hermes.framework/hermes
2024-05-25 03:37:33 +0000  copying file ./Frameworks/hermes.framework/Info.plist ... 
815 bytes for ./Frameworks/hermes.framework/Info.plist
copying file ./SimpleLineIcons.ttf ... 
2024-05-25 03:37:33 +0000  54056 bytes for ./SimpleLineIcons.ttf
2024-05-25 03:37:33 +0000  copying file ./FontAwesome6_Brands.ttf ... 
2024-05-25 03:37:33 +0000  189684 bytes for ./FontAwesome6_Brands.ttf
2024-05-25 03:37:33 +0000  copying file ./fonts/PlusJakartaSans-Light.ttf ... 
2024-05-25 03:37:33 +0000  94612 bytes for ./fonts/PlusJakartaSans-Light.ttf
2024-05-25 03:37:33 +0000  copying file ./fonts/PlusJakartaSans-Medium.ttf ... 
2024-05-25 03:37:33 +0000  94568 bytes for ./fonts/PlusJakartaSans-Medium.ttf
2024-05-25 03:37:33 +0000  copying file ./fonts/FontAwesome5_Brands.ttf ... 
2024-05-25 03:37:33 +0000  125016 bytes for ./fonts/FontAwesome5_Brands.ttf
2024-05-25 03:37:33 +0000  copying file ./fonts/PlusJakartaSans-SemiBold.ttf ... 
2024-05-25 03:37:33 +0000  94560 bytes for ./fonts/PlusJakartaSans-SemiBold.ttf
2024-05-25 03:37:33 +0000  copying file ./fonts/FontAwesome5_Solid.ttf ... 
2024-05-25 03:37:33 +0000  186228 bytes for ./fonts/FontAwesome5_Solid.ttf
2024-05-25 03:37:33 +0000  copying file ./fonts/FontAwesome5_Regular.ttf ... 
2024-05-25 03:37:33 +0000  34092 bytes for ./fonts/FontAwesome5_Regular.ttf
2024-05-25 03:37:33 +0000  copying file ./fonts/PlusJakartaSans-Regular.ttf ... 
2024-05-25 03:37:33 +0000  94568 bytes for ./fonts/PlusJakartaSans-Regular.ttf
2024-05-25 03:37:33 +0000  copying file ./fonts/FontAwesome.ttf ... 
2024-05-25 03:37:33 +0000  165548 bytes for ./fonts/FontAwesome.ttf
2024-05-25 03:37:33 +0000  copying file ./fonts/PlusJakartaSans-Bold.ttf ... 
2024-05-25 03:37:33 +0000  94444 bytes for ./fonts/PlusJakartaSans-Bold.ttf
2024-05-25 03:37:33 +0000  copying file ./embedded.mobileprovision ... 
2024-05-25 03:37:33 +0000  28040 bytes for ./embedded.mobileprovision
2024-05-25 03:37:33 +0000  copying file ./assets/node_modules/react-native-ratings/dist/images/bell.png ... 
2024-05-25 03:37:33 +0000  2989 bytes for ./assets/node_modules/react-native-ratings/dist/images/bell.png
2024-05-25 03:37:33 +0000  copying file ./assets/node_modules/react-native-ratings/dist/images/airbnb-star-selected.png ... 
2024-05-25 03:37:33 +0000  934 bytes for ./assets/node_modules/react-native-ratings/dist/images/airbnb-star-selected.png
copying file ./assets/node_modules/react-native-ratings/dist/images/heart.png ... 
2024-05-25 03:37:33 +0000  1928 bytes for ./assets/node_modules/react-native-ratings/dist/images/heart.png
2024-05-25 03:37:33 +0000  copying file ./assets/node_modules/react-native-ratings/dist/images/airbnb-star.png ... 
2024-05-25 03:37:33 +0000  930 bytes for ./assets/node_modules/react-native-ratings/dist/images/airbnb-star.png
2024-05-25 03:37:33 +0000  copying file ./assets/node_modules/react-native-ratings/dist/images/rocket.png ... 
4050 bytes for ./assets/node_modules/react-native-ratings/dist/images/rocket.png
2024-05-25 03:37:33 +0000  copying file ./assets/node_modules/react-native-ratings/dist/images/star.png ... 
2024-05-25 03:37:33 +0000  1961 bytes for ./assets/node_modules/react-native-ratings/dist/images/star.png
2024-05-25 03:37:33 +0000  copying file ./assets/node_modules/@react-navigation/drawer/src/views/assets/toggle-drawer-icon@3x.png ... 
2024-05-25 03:37:33 +0000  212 bytes for ./assets/node_modules/@react-navigation/drawer/src/views/assets/toggle-drawer-icon@3x.png
2024-05-25 03:37:33 +0000  copying file ./assets/node_modules/@react-navigation/drawer/src/views/assets/toggle-drawer-icon@2x.png ... 
2024-05-25 03:37:33 +0000  163 bytes for ./assets/node_modules/@react-navigation/drawer/src/views/assets/toggle-drawer-icon@2x.png
2024-05-25 03:37:33 +0000  copying file ./assets/node_modules/@react-navigation/drawer/src/views/assets/toggle-drawer-icon.png ... 
2024-05-25 03:37:33 +0000  108 bytes for ./assets/node_modules/@react-navigation/drawer/src/views/assets/toggle-drawer-icon.png
2024-05-25 03:37:33 +0000  copying file ./assets/node_modules/@react-navigation/elements/src/assets/back-icon@3x.png ... 
2024-05-25 03:37:33 +0000  761 bytes for ./assets/node_modules/@react-navigation/elements/src/assets/back-icon@3x.png
2024-05-25 03:37:33 +0000  copying file ./assets/node_modules/@react-navigation/elements/src/assets/back-icon@2x.png ... 
2024-05-25 03:37:33 +0000  405 bytes for ./assets/node_modules/@react-navigation/elements/src/assets/back-icon@2x.png
2024-05-25 03:37:33 +0000  copying file ./assets/node_modules/@react-navigation/elements/src/assets/back-icon.png ... 
2024-05-25 03:37:33 +0000  290 bytes for ./assets/node_modules/@react-navigation/elements/src/assets/back-icon.png
2024-05-25 03:37:33 +0000  copying file ./assets/node_modules/@react-navigation/elements/src/assets/back-icon-mask.png ... 
2024-05-25 03:37:33 +0000  913 bytes for ./assets/node_modules/@react-navigation/elements/src/assets/back-icon-mask.png
2024-05-25 03:37:33 +0000  copying file ./assets/src/components/design-system-ui/qr-code/sw-logo.png ... 
2024-05-25 03:37:33 +0000  13004 bytes for ./assets/src/components/design-system-ui/qr-code/sw-logo.png
2024-05-25 03:37:33 +0000  copying file ./assets/src/assets/subwallet-logo-gradient.png ... 
2024-05-25 03:37:33 +0000  161044 bytes for ./assets/src/assets/subwallet-logo-gradient.png
2024-05-25 03:37:33 +0000  copying file ./assets/src/assets/subwallet-background-img.png ... 
2024-05-25 03:37:33 +0000  247891 bytes for ./assets/src/assets/subwallet-background-img.png
2024-05-25 03:37:33 +0000  copying file ./assets/src/assets/avatar-placeholder.png ... 
2024-05-25 03:37:33 +0000  2904 bytes for ./assets/src/assets/avatar-placeholder.png
2024-05-25 03:37:33 +0000  copying file ./assets/src/assets/transaction-history-coming-soon.png ... 
2024-05-25 03:37:33 +0000  79214 bytes for ./assets/src/assets/transaction-history-coming-soon.png
2024-05-25 03:37:33 +0000  copying file ./assets/src/assets/logo/207.vault.png ... 
2024-05-25 03:37:33 +0000  8764 bytes for ./assets/src/assets/logo/207.vault.png
2024-05-25 03:37:33 +0000  copying file ./assets/src/assets/logo/202.keystone.png ... 
2024-05-25 03:37:33 +0000  8987 bytes for ./assets/src/assets/logo/202.keystone.png
2024-05-25 03:37:33 +0000  copying file ./assets/src/assets/logo/CurrencyBRL.png ... 
2024-05-25 03:37:33 +0000  567 bytes for ./assets/src/assets/logo/CurrencyBRL.png
2024-05-25 03:37:33 +0000  copying file ./assets/src/assets/logo/stellaswap.png ... 
2024-05-25 03:37:33 +0000  13143 bytes for ./assets/src/assets/logo/stellaswap.png
2024-05-25 03:37:33 +0000  copying file ./assets/src/assets/logo/CurrencyHKD.png ... 
2024-05-25 03:37:33 +0000  466 bytes for ./assets/src/assets/logo/CurrencyHKD.png
2024-05-25 03:37:33 +0000  copying file ./assets/src/assets/logo/moonpay.png ... 
2024-05-25 03:37:33 +0000  4280 bytes for ./assets/src/assets/logo/moonpay.png
2024-05-25 03:37:33 +0000  copying file ./assets/src/assets/logo/banxa.png ... 
2024-05-25 03:37:33 +0000  11063 bytes for ./assets/src/assets/logo/banxa.png
2024-05-25 03:37:33 +0000  copying file ./assets/src/assets/logo/hydradx.png ... 
2024-05-25 03:37:33 +0000  5362 bytes for ./assets/src/assets/logo/hydradx.png
2024-05-25 03:37:33 +0000  copying file ./assets/src/assets/logo/transak.png ... 
2024-05-25 03:37:33 +0000  15609 bytes for ./assets/src/assets/logo/transak.png
2024-05-25 03:37:33 +0000  copying file ./assets/src/assets/logo/203.__qr_code__.png ... 
2024-05-25 03:37:33 +0000  11562 bytes for ./assets/src/assets/logo/203.__qr_code__.png
2024-05-25 03:37:33 +0000  copying file ./assets/src/assets/logo/00.subwallet.png ... 
2024-05-25 03:37:33 +0000  28642 bytes for ./assets/src/assets/logo/00.subwallet.png
2024-05-25 03:37:33 +0000  copying file ./assets/src/assets/logo/CurrencyCNY.png ... 
2024-05-25 03:37:33 +0000  404 bytes for ./assets/src/assets/logo/CurrencyCNY.png
2024-05-25 03:37:33 +0000  copying file ./assets/src/assets/logo/chainflip-mainnet.png ... 
2024-05-25 03:37:33 +0000  5621 bytes for ./assets/src/assets/logo/chainflip-mainnet.png
2024-05-25 03:37:33 +0000  copying file ./assets/src/assets/logo/coinbase.png ... 
2024-05-25 03:37:33 +0000  5650 bytes for ./assets/src/assets/logo/coinbase.png
2024-05-25 03:37:33 +0000  copying file ./assets/src/assets/logo/default.png ... 
2024-05-25 03:37:33 +0000  8751 bytes for ./assets/src/assets/logo/default.png
2024-05-25 03:37:33 +0000  copying file ./assets/src/assets/logo/CurrencyVND.png ... 
2024-05-25 03:37:33 +0000  302 bytes for ./assets/src/assets/logo/CurrencyVND.png
2024-05-25 03:37:33 +0000  copying file ./assets/src/assets/logo/onramper.png ... 
2024-05-25 03:37:33 +0000  4600 bytes for ./assets/src/assets/logo/onramper.png
2024-05-25 03:37:33 +0000  copying file ./assets/src/assets/circle-robot.png ... 
2024-05-25 03:37:33 +0000  2953 bytes for ./assets/src/assets/circle-robot.png
2024-05-25 03:37:33 +0000  copying file ./assets/src/assets/squircleBorder.png ... 
2024-05-25 03:37:33 +0000  3212 bytes for ./assets/src/assets/squircleBorder.png
2024-05-25 03:37:33 +0000  copying file ./SubWalletMobile ... 
2024-05-25 03:37:33 +0000  6927088 bytes for ./SubWalletMobile
copying file ./Info.plist ... 
2024-05-25 03:37:33 +0000  2771 bytes for ./Info.plist
copying file ./PkgInfo ... 
2024-05-25 03:37:33 +0000  8 bytes for ./PkgInfo
2024-05-25 03:37:33 +0000  copying file ./MaterialIcons.ttf ... 
2024-05-25 03:37:33 +0000  356840 bytes for ./MaterialIcons.ttf
2024-05-25 03:37:33 +0000  /usr/bin/ditto exited with 0
2024-05-25 03:37:33 +0000  Processing step: IDEDistributionEmbedProfileStep
2024-05-25 03:37:33 +0000  Skipping profile for item: <IDEDistributionItem: 0x600037fc9800; bundleID='dev.hermesengine.iphoneos', path='<DVTFilePath:0x6000373c25a0:'/Users/dominhquang/Library/Developer/Xcode/Archives/2024-05-25/SubWalletMobile 25-05-2024, 10.37.xcarchive/Products/Applications/SubWalletMobile.app/Frameworks/hermes.framework'>', codeSigningInfo='<_DVTCodeSigningInformation_Path: 0x60002bbd0af0; isSigned='1', isAdHocSigned='0', signingCertificate='<DVTSigningCertificate: 0x6000261cc180; name='Apple Development: Quang Do (VHH23P6AMU)', hash='2D4D602176DEF0F4C3CD5D51E644410C7A97B0CF', serialNumber='63A168B3812D855607E9EB35650448EF', certificateKinds='(
    "1.2.840.113635.100.6.1.12",
    "1.2.840.113635.100.6.1.2"
), issueDate='2023-12-21 03:43:55 +0000''>', entitlements='(null)', teamID='ZUZ7T3GQMT', identifier='dev.hermesengine.iphoneos', executablePath='<DVTFilePath:0x600013188840:'/Users/dominhquang/Library/Developer/Xcode/Archives/2024-05-25/SubWalletMobile 25-05-2024, 10.37.xcarchive/Products/Applications/SubWalletMobile.app/Frameworks/hermes.framework/hermes'>', hardenedRuntime='0'>'>
2024-05-25 03:37:33 +0000  Processing step: IDEDistributionInfoPlistStep
2024-05-25 03:37:33 +0000  Skipping step: IDEDistributionInfoPlistStep because it said so
2024-05-25 03:37:33 +0000  Skipping step: IDEDistributionInfoPlistStep because it said so
2024-05-25 03:37:33 +0000  Processing step: IDEDistributionAppThinningPlistStep
2024-05-25 03:37:33 +0000  Skipping step: IDEDistributionAppThinningPlistStep because it said so
2024-05-25 03:37:33 +0000  Processing step: IDEDistributionCompileBitcodeStep
2024-05-25 03:37:33 +0000  Skipping step: IDEDistributionCompileBitcodeStep because it said so
2024-05-25 03:37:33 +0000  Processing step: IDEDistributionCodeSlimmingStep
2024-05-25 03:37:34 +0000  Running /Applications/Xcode.app/Contents/Developer/Toolchains/XcodeDefault.xctoolchain/usr/bin/bitcode_strip '/var/folders/6g/400j11zx22ldxm9qfsh7ryzh0000gn/T/XcodeDistPipeline.~~~xpYWAQ/Root/Payload/SubWalletMobile.app/Frameworks/hermes.framework/hermes' '-r' '-keep_cs' '-o' '/var/folders/6g/400j11zx22ldxm9qfsh7ryzh0000gn/T/XcodeDistPipeline.~~~xpYWAQ/Root/Payload/SubWalletMobile.app/Frameworks/hermes.framework/hermes'
2024-05-25 03:37:34 +0000  /Applications/Xcode.app/Contents/Developer/Toolchains/XcodeDefault.xctoolchain/usr/bin/bitcode_strip exited with 0
2024-05-25 03:37:34 +0000  Processing step: IDEDistributionCopyBCSymbolMapsStep
2024-05-25 03:37:34 +0000  Skipping step: IDEDistributionCopyBCSymbolMapsStep because it said so
2024-05-25 03:37:34 +0000  Skipping step: IDEDistributionCopyBCSymbolMapsStep because it said so
2024-05-25 03:37:34 +0000  Processing step: IDEDistributionSymbolsStep
2024-05-25 03:37:34 +0000  Skipping step: IDEDistributionSymbolsStep because it said so
2024-05-25 03:37:34 +0000  Skipping step: IDEDistributionSymbolsStep because it said so
2024-05-25 03:37:34 +0000  Processing step: IDEDistributionAppThinningStep
2024-05-25 03:37:34 +0000  Skipping step: IDEDistributionAppThinningStep because it said so
2024-05-25 03:37:34 +0000  Processing step: IDEDistributionArchThinningStep
2024-05-25 03:37:34 +0000  Running /Applications/Xcode.app/Contents/Developer/Toolchains/XcodeDefault.xctoolchain/usr/bin/lipo '/var/folders/6g/400j11zx22ldxm9qfsh7ryzh0000gn/T/XcodeDistPipeline.~~~xpYWAQ/Root/Payload/SubWalletMobile.app/Frameworks/hermes.framework/hermes' '-verify_arch' 'arm64e'
2024-05-25 03:37:34 +0000  /Applications/Xcode.app/Contents/Developer/Toolchains/XcodeDefault.xctoolchain/usr/bin/lipo exited with 1
2024-05-25 03:37:34 +0000  Skipping architecture thinning for item "hermes" because arch "arm64e" wasn't found
2024-05-25 03:37:34 +0000  Running /Applications/Xcode.app/Contents/Developer/Toolchains/XcodeDefault.xctoolchain/usr/bin/lipo '/var/folders/6g/400j11zx22ldxm9qfsh7ryzh0000gn/T/XcodeDistPipeline.~~~xpYWAQ/Root/Payload/SubWalletMobile.app/SubWalletMobile' '-verify_arch' 'arm64e'
2024-05-25 03:37:34 +0000  /Applications/Xcode.app/Contents/Developer/Toolchains/XcodeDefault.xctoolchain/usr/bin/lipo exited with 1
2024-05-25 03:37:34 +0000  Skipping architecture thinning for item "SubWalletMobile" because arch "arm64e" wasn't found
2024-05-25 03:37:34 +0000  Processing step: IDEDistributionODRStep
2024-05-25 03:37:34 +0000  Processing step: IDEDistributionStripXattrsStep
2024-05-25 03:37:34 +0000  Skipping stripping extended attributes because the codesign step will strip them.
2024-05-25 03:37:34 +0000  Skipping stripping extended attributes because the codesign step will strip them.
2024-05-25 03:37:34 +0000  Processing step: IDEDistributionCodesignStep
2024-05-25 03:37:34 +0000  Entitlements for <IDEDistributionItem: 0x600037fc9800; bundleID='dev.hermesengine.iphoneos', path='<DVTFilePath:0x6000373c25a0:'/Users/dominhquang/Library/Developer/Xcode/Archives/2024-05-25/SubWalletMobile 25-05-2024, 10.37.xcarchive/Products/Applications/SubWalletMobile.app/Frameworks/hermes.framework'>', codeSigningInfo='<_DVTCodeSigningInformation_Path: 0x60002bbd0af0; isSigned='1', isAdHocSigned='0', signingCertificate='<DVTSigningCertificate: 0x6000261c7840; name='Apple Development: Quang Do (VHH23P6AMU)', hash='2D4D602176DEF0F4C3CD5D51E644410C7A97B0CF', serialNumber='63A168B3812D855607E9EB35650448EF', certificateKinds='(
    "1.2.840.113635.100.6.1.12",
    "1.2.840.113635.100.6.1.2"
), issueDate='2023-12-21 03:43:55 +0000''>', entitlements='(null)', teamID='ZUZ7T3GQMT', identifier='dev.hermesengine.iphoneos', executablePath='<DVTFilePath:0x600013188840:'/Users/dominhquang/Library/Developer/Xcode/Archives/2024-05-25/SubWalletMobile 25-05-2024, 10.37.xcarchive/Products/Applications/SubWalletMobile.app/Frameworks/hermes.framework/hermes'>', hardenedRuntime='0'>'>: {
}
2024-05-25 03:37:34 +0000  Associated App Clip Identifiers Filter: Skipping because "com.apple.developer.associated-appclip-app-identifiers" is not present
2024-05-25 03:37:34 +0000  Entitlements for <IDEDistributionItem: 0x600037fc9800; bundleID='dev.hermesengine.iphoneos', path='<DVTFilePath:0x6000373c25a0:'/Users/dominhquang/Library/Developer/Xcode/Archives/2024-05-25/SubWalletMobile 25-05-2024, 10.37.xcarchive/Products/Applications/SubWalletMobile.app/Frameworks/hermes.framework'>', codeSigningInfo='<_DVTCodeSigningInformation_Path: 0x60002bbd0af0; isSigned='1', isAdHocSigned='0', signingCertificate='<DVTSigningCertificate: 0x6000261de7c0; name='Apple Development: Quang Do (VHH23P6AMU)', hash='2D4D602176DEF0F4C3CD5D51E644410C7A97B0CF', serialNumber='63A168B3812D855607E9EB35650448EF', certificateKinds='(
    "1.2.840.113635.100.6.1.12",
    "1.2.840.113635.100.6.1.2"
), issueDate='2023-12-21 03:43:55 +0000''>', entitlements='(null)', teamID='ZUZ7T3GQMT', identifier='dev.hermesengine.iphoneos', executablePath='<DVTFilePath:0x600013188840:'/Users/dominhquang/Library/Developer/Xcode/Archives/2024-05-25/SubWalletMobile 25-05-2024, 10.37.xcarchive/Products/Applications/SubWalletMobile.app/Frameworks/hermes.framework/hermes'>', hardenedRuntime='0'>'> are: {
}
2024-05-25 03:37:34 +0000  Writing entitlements for <IDEDistributionItem: 0x600037fc9800; bundleID='dev.hermesengine.iphoneos', path='<DVTFilePath:0x6000373c25a0:'/Users/dominhquang/Library/Developer/Xcode/Archives/2024-05-25/SubWalletMobile 25-05-2024, 10.37.xcarchive/Products/Applications/SubWalletMobile.app/Frameworks/hermes.framework'>', codeSigningInfo='<_DVTCodeSigningInformation_Path: 0x60002bbd0af0; isSigned='1', isAdHocSigned='0', signingCertificate='<DVTSigningCertificate: 0x6000261c7cc0; name='Apple Development: Quang Do (VHH23P6AMU)', hash='2D4D602176DEF0F4C3CD5D51E644410C7A97B0CF', serialNumber='63A168B3812D855607E9EB35650448EF', certificateKinds='(
    "1.2.840.113635.100.6.1.12",
    "1.2.840.113635.100.6.1.2"
), issueDate='2023-12-21 03:43:55 +0000''>', entitlements='(null)', teamID='ZUZ7T3GQMT', identifier='dev.hermesengine.iphoneos', executablePath='<DVTFilePath:0x600013188840:'/Users/dominhquang/Library/Developer/Xcode/Archives/2024-05-25/SubWalletMobile 25-05-2024, 10.37.xcarchive/Products/Applications/SubWalletMobile.app/Frameworks/hermes.framework/hermes'>', hardenedRuntime='0'>'> to: /var/folders/6g/400j11zx22ldxm9qfsh7ryzh0000gn/T/XcodeDistPipeline.~~~xpYWAQ/entitlements~~~Ahn75a
2024-05-25 03:37:34 +0000  Running /usr/bin/codesign '-vvv' '--force' '--sign' 'DC07336321F02DFBFA502B00A155AA3C3E250A34' '--entitlements' '/var/folders/6g/400j11zx22ldxm9qfsh7ryzh0000gn/T/XcodeDistPipeline.~~~xpYWAQ/entitlements~~~Ahn75a' '--generate-entitlement-der' '--preserve-metadata=identifier,flags,runtime' '/var/folders/6g/400j11zx22ldxm9qfsh7ryzh0000gn/T/XcodeDistPipeline.~~~xpYWAQ/Root/Payload/SubWalletMobile.app/Frameworks/hermes.framework'
2024-05-25 03:37:35 +0000  /var/folders/6g/400j11zx22ldxm9qfsh7ryzh0000gn/T/XcodeDistPipeline.~~~xpYWAQ/Root/Payload/SubWalletMobile.app/Frameworks/hermes.framework: replacing existing signature
2024-05-25 03:37:35 +0000  /var/folders/6g/400j11zx22ldxm9qfsh7ryzh0000gn/T/XcodeDistPipeline.~~~xpYWAQ/Root/Payload/SubWalletMobile.app/Frameworks/hermes.framework: signed bundle with Mach-O thin (arm64) [dev.hermesengine.iphoneos]
2024-05-25 03:37:35 +0000  /usr/bin/codesign exited with 0
2024-05-25 03:37:35 +0000  Entitlements for <IDEDistributionItem: 0x6000231221c0; bundleID='app.subwallet.mobile', path='<DVTFilePath:0x6000373c1880:'/Users/dominhquang/Library/Developer/Xcode/Archives/2024-05-25/SubWalletMobile 25-05-2024, 10.37.xcarchive/Products/Applications/SubWalletMobile.app'>', codeSigningInfo='<_DVTCodeSigningInformation_Path: 0x60002bbc9680; isSigned='1', isAdHocSigned='0', signingCertificate='<DVTSigningCertificate: 0x6000261de7c0; name='Apple Development: Quang Do (VHH23P6AMU)', hash='2D4D602176DEF0F4C3CD5D51E644410C7A97B0CF', serialNumber='63A168B3812D855607E9EB35650448EF', certificateKinds='(
    "1.2.840.113635.100.6.1.12",
    "1.2.840.113635.100.6.1.2"
), issueDate='2023-12-21 03:43:55 +0000''>', entitlements='{
    "application-identifier" = "ZUZ7T3GQMT.app.subwallet.mobile";
    "com.apple.developer.associated-domains" =     (
        "applinks:mobile.subwallet.app"
    );
    "com.apple.developer.team-identifier" = ZUZ7T3GQMT;
    "get-task-allow" = 1;
}', teamID='ZUZ7T3GQMT', identifier='app.subwallet.mobile', executablePath='<DVTFilePath:0x60003704a6f0:'/Users/dominhquang/Library/Developer/Xcode/Archives/2024-05-25/SubWalletMobile 25-05-2024, 10.37.xcarchive/Products/Applications/SubWalletMobile.app/SubWalletMobile'>', hardenedRuntime='0'>'>: {
    "application-identifier" = "ZUZ7T3GQMT.app.subwallet.mobile";
    "com.apple.developer.associated-domains" =     (
        "applinks:mobile.subwallet.app"
    );
    "com.apple.developer.team-identifier" = ZUZ7T3GQMT;
    "get-task-allow" = 0;
}
2024-05-25 03:37:35 +0000  Associated App Clip Identifiers Filter: Skipping because "com.apple.developer.associated-appclip-app-identifiers" is not present
2024-05-25 03:37:35 +0000  Entitlements for <IDEDistributionItem: 0x6000231221c0; bundleID='app.subwallet.mobile', path='<DVTFilePath:0x6000373c1880:'/Users/dominhquang/Library/Developer/Xcode/Archives/2024-05-25/SubWalletMobile 25-05-2024, 10.37.xcarchive/Products/Applications/SubWalletMobile.app'>', codeSigningInfo='<_DVTCodeSigningInformation_Path: 0x60002bbc9680; isSigned='1', isAdHocSigned='0', signingCertificate='<DVTSigningCertificate: 0x6000261da580; name='Apple Development: Quang Do (VHH23P6AMU)', hash='2D4D602176DEF0F4C3CD5D51E644410C7A97B0CF', serialNumber='63A168B3812D855607E9EB35650448EF', certificateKinds='(
    "1.2.840.113635.100.6.1.12",
    "1.2.840.113635.100.6.1.2"
), issueDate='2023-12-21 03:43:55 +0000''>', entitlements='{
    "application-identifier" = "ZUZ7T3GQMT.app.subwallet.mobile";
    "com.apple.developer.associated-domains" =     (
        "applinks:mobile.subwallet.app"
    );
    "com.apple.developer.team-identifier" = ZUZ7T3GQMT;
    "get-task-allow" = 1;
}', teamID='ZUZ7T3GQMT', identifier='app.subwallet.mobile', executablePath='<DVTFilePath:0x60003704a6f0:'/Users/dominhquang/Library/Developer/Xcode/Archives/2024-05-25/SubWalletMobile 25-05-2024, 10.37.xcarchive/Products/Applications/SubWalletMobile.app/SubWalletMobile'>', hardenedRuntime='0'>'> are: {
    "application-identifier" = "ZUZ7T3GQMT.app.subwallet.mobile";
    "com.apple.developer.associated-domains" =     (
        "applinks:mobile.subwallet.app"
    );
    "com.apple.developer.team-identifier" = ZUZ7T3GQMT;
    "get-task-allow" = 0;
}
2024-05-25 03:37:35 +0000  Writing entitlements for <IDEDistributionItem: 0x6000231221c0; bundleID='app.subwallet.mobile', path='<DVTFilePath:0x6000373c1880:'/Users/dominhquang/Library/Developer/Xcode/Archives/2024-05-25/SubWalletMobile 25-05-2024, 10.37.xcarchive/Products/Applications/SubWalletMobile.app'>', codeSigningInfo='<_DVTCodeSigningInformation_Path: 0x60002bbc9680; isSigned='1', isAdHocSigned='0', signingCertificate='<DVTSigningCertificate: 0x6000261cc180; name='Apple Development: Quang Do (VHH23P6AMU)', hash='2D4D602176DEF0F4C3CD5D51E644410C7A97B0CF', serialNumber='63A168B3812D855607E9EB35650448EF', certificateKinds='(
    "1.2.840.113635.100.6.1.12",
    "1.2.840.113635.100.6.1.2"
), issueDate='2023-12-21 03:43:55 +0000''>', entitlements='{
    "application-identifier" = "ZUZ7T3GQMT.app.subwallet.mobile";
    "com.apple.developer.associated-domains" =     (
        "applinks:mobile.subwallet.app"
    );
    "com.apple.developer.team-identifier" = ZUZ7T3GQMT;
    "get-task-allow" = 1;
}', teamID='ZUZ7T3GQMT', identifier='app.subwallet.mobile', executablePath='<DVTFilePath:0x60003704a6f0:'/Users/dominhquang/Library/Developer/Xcode/Archives/2024-05-25/SubWalletMobile 25-05-2024, 10.37.xcarchive/Products/Applications/SubWalletMobile.app/SubWalletMobile'>', hardenedRuntime='0'>'> to: /var/folders/6g/400j11zx22ldxm9qfsh7ryzh0000gn/T/XcodeDistPipeline.~~~xpYWAQ/entitlements~~~p7cVOZ
2024-05-25 03:37:35 +0000  Running /usr/bin/codesign '-vvv' '--force' '--sign' 'DC07336321F02DFBFA502B00A155AA3C3E250A34' '--entitlements' '/var/folders/6g/400j11zx22ldxm9qfsh7ryzh0000gn/T/XcodeDistPipeline.~~~xpYWAQ/entitlements~~~p7cVOZ' '--generate-entitlement-der' '--preserve-metadata=identifier,flags,runtime' '/var/folders/6g/400j11zx22ldxm9qfsh7ryzh0000gn/T/XcodeDistPipeline.~~~xpYWAQ/Root/Payload/SubWalletMobile.app'
2024-05-25 03:37:35 +0000  /var/folders/6g/400j11zx22ldxm9qfsh7ryzh0000gn/T/XcodeDistPipeline.~~~xpYWAQ/Root/Payload/SubWalletMobile.app: replacing existing signature
2024-05-25 03:37:35 +0000  /var/folders/6g/400j11zx22ldxm9qfsh7ryzh0000gn/T/XcodeDistPipeline.~~~xpYWAQ/Root/Payload/SubWalletMobile.app: signed app bundle with Mach-O thin (arm64) [app.subwallet.mobile]
2024-05-25 03:37:35 +0000  /usr/bin/codesign exited with 0
2024-05-25 03:37:35 +0000  Processing step: IDEDistributionZipODRItemStep
2024-05-25 03:37:35 +0000  Skipping step: IDEDistributionZipODRItemStep because it said so
2024-05-25 03:37:35 +0000  Skipping step: IDEDistributionZipODRItemStep because it said so
2024-05-25 03:37:35 +0000  Processing step: IDEDistributionCreateIPAStep
2024-05-25 03:37:35 +0000  Running /usr/bin/ditto '-V' '-c' '-k' '--norsrc' '/var/folders/6g/400j11zx22ldxm9qfsh7ryzh0000gn/T/XcodeDistPipeline.~~~xpYWAQ/Root' '/var/folders/6g/400j11zx22ldxm9qfsh7ryzh0000gn/T/XcodeDistPipeline.~~~xpYWAQ/Packages/SubWalletMobile.ipa'
2024-05-25 03:37:35 +0000  >>> Copying /var/folders/6g/400j11zx22ldxm9qfsh7ryzh0000gn/T/XcodeDistPipeline.~~~xpYWAQ/Root 
2024-05-25 03:37:35 +0000  copying file ./Payload/SubWalletMobile.app/_CodeSignature/CodeResources ... 
2024-05-25 03:37:35 +0000  35668 bytes for ./Payload/SubWalletMobile.app/_CodeSignature/CodeResources
copying file ./Payload/SubWalletMobile.app/Fontisto.ttf ... 
2024-05-25 03:37:35 +0000  313528 bytes for ./Payload/SubWalletMobile.app/Fontisto.ttf
2024-05-25 03:37:35 +0000  copying file ./Payload/SubWalletMobile.app/Web.bundle/androidSite/fallback-6fe381d0214a6d4624d2.js ... 
2024-05-25 03:37:35 +0000  1496 bytes for ./Payload/SubWalletMobile.app/Web.bundle/androidSite/fallback-6fe381d0214a6d4624d2.js
copying file ./Payload/SubWalletMobile.app/Web.bundle/androidSite/index.html ... 
2024-05-25 03:37:35 +0000  428 bytes for ./Payload/SubWalletMobile.app/Web.bundle/androidSite/index.html
2024-05-25 03:37:35 +0000  copying file ./Payload/SubWalletMobile.app/Web.bundle/androidSite/locales/ur/translation.json ... 
2024-05-25 03:37:35 +0000  14773 bytes for ./Payload/SubWalletMobile.app/Web.bundle/androidSite/locales/ur/translation.json
2024-05-25 03:37:35 +0000  copying file ./Payload/SubWalletMobile.app/Web.bundle/androidSite/locales/pl/translation.json ... 
2024-05-25 03:37:35 +0000  11715 bytes for ./Payload/SubWalletMobile.app/Web.bundle/androidSite/locales/pl/translation.json
2024-05-25 03:37:35 +0000  copying file ./Payload/SubWalletMobile.app/Web.bundle/androidSite/locales/vi/translation.json ... 
2024-05-25 03:37:35 +0000  65449 bytes for ./Payload/SubWalletMobile.app/Web.bundle/androidSite/locales/vi/translation.json
2024-05-25 03:37:35 +0000  copying file ./Payload/SubWalletMobile.app/Web.bundle/androidSite/locales/ja/translation.json ... 
2024-05-25 03:37:35 +0000  72358 bytes for ./Payload/SubWalletMobile.app/Web.bundle/androidSite/locales/ja/translation.json
copying file ./Payload/SubWalletMobile.app/Web.bundle/androidSite/locales/ru/translation.json ... 
2024-05-25 03:37:35 +0000  77253 bytes for ./Payload/SubWalletMobile.app/Web.bundle/androidSite/locales/ru/translation.json
2024-05-25 03:37:35 +0000  copying file ./Payload/SubWalletMobile.app/Web.bundle/androidSite/locales/default/translation.json ... 
2024-05-25 03:37:35 +0000  20265 bytes for ./Payload/SubWalletMobile.app/Web.bundle/androidSite/locales/default/translation.json
copying file ./Payload/SubWalletMobile.app/Web.bundle/androidSite/locales/zh/translation.json ... 
2024-05-25 03:37:35 +0000  59214 bytes for ./Payload/SubWalletMobile.app/Web.bundle/androidSite/locales/zh/translation.json
2024-05-25 03:37:35 +0000  copying file ./Payload/SubWalletMobile.app/Web.bundle/androidSite/locales/fr/translation.json ... 
2024-05-25 03:37:35 +0000  11389 bytes for ./Payload/SubWalletMobile.app/Web.bundle/androidSite/locales/fr/translation.json
copying file ./Payload/SubWalletMobile.app/Web.bundle/androidSite/locales/en/translation.json ... 
2024-05-25 03:37:35 +0000  46829 bytes for ./Payload/SubWalletMobile.app/Web.bundle/androidSite/locales/en/translation.json
2024-05-25 03:37:35 +0000  copying file ./Payload/SubWalletMobile.app/Web.bundle/androidSite/locales/th/translation.json ... 
2024-05-25 03:37:35 +0000  17388 bytes for ./Payload/SubWalletMobile.app/Web.bundle/androidSite/locales/th/translation.json
2024-05-25 03:37:35 +0000  copying file ./Payload/SubWalletMobile.app/Web.bundle/androidSite/locales/tr/translation.json ... 
2024-05-25 03:37:35 +0000  11577 bytes for ./Payload/SubWalletMobile.app/Web.bundle/androidSite/locales/tr/translation.json
2024-05-25 03:37:35 +0000  copying file ./Payload/SubWalletMobile.app/Web.bundle/androidSite/201-78941633235d13cd2ed6.js ... 
2024-05-25 03:37:35 +0000  447098 bytes for ./Payload/SubWalletMobile.app/Web.bundle/androidSite/201-78941633235d13cd2ed6.js
copying file ./Payload/SubWalletMobile.app/Web.bundle/androidSite/659-afbe9072c58972dfc2b7.js ... 
2024-05-25 03:37:35 +0000  196012 bytes for ./Payload/SubWalletMobile.app/Web.bundle/androidSite/659-afbe9072c58972dfc2b7.js
copying file ./Payload/SubWalletMobile.app/Web.bundle/androidSite/web-runner-0ae2d28a3cc632ad374e.js ... 
2024-05-25 03:37:35 +0000  7899197 bytes for ./Payload/SubWalletMobile.app/Web.bundle/androidSite/web-runner-0ae2d28a3cc632ad374e.js
2024-05-25 03:37:35 +0000  copying file ./Payload/SubWalletMobile.app/Web.bundle/androidSite/265-2e4c815e5ae78be0eaa6.js ... 
2024-05-25 03:37:35 +0000  146725 bytes for ./Payload/SubWalletMobile.app/Web.bundle/androidSite/265-2e4c815e5ae78be0eaa6.js
2024-05-25 03:37:35 +0000  copying file ./Payload/SubWalletMobile.app/Web.bundle/androidSite/832-2621598dd9b0420fb94b.js ... 
2024-05-25 03:37:35 +0000  2288 bytes for ./Payload/SubWalletMobile.app/Web.bundle/androidSite/832-2621598dd9b0420fb94b.js
2024-05-25 03:37:35 +0000  copying file ./Payload/SubWalletMobile.app/Web.bundle/androidSite/307-38f59dab88251c3939ce.js ... 
2024-05-25 03:37:35 +0000  538348 bytes for ./Payload/SubWalletMobile.app/Web.bundle/androidSite/307-38f59dab88251c3939ce.js
copying file ./Payload/SubWalletMobile.app/Web.bundle/androidSite/911-993e47f89b691c0e0c08.js ... 
2024-05-25 03:37:35 +0000  25278 bytes for ./Payload/SubWalletMobile.app/Web.bundle/androidSite/911-993e47f89b691c0e0c08.js
2024-05-25 03:37:35 +0000  copying file ./Payload/SubWalletMobile.app/Web.bundle/androidSite/998-a5495f9021502217f220.js ... 
2024-05-25 03:37:36 +0000  2968505 bytes for ./Payload/SubWalletMobile.app/Web.bundle/androidSite/998-a5495f9021502217f220.js
copying file ./Payload/SubWalletMobile.app/Web.bundle/site/fallback-6fe381d0214a6d4624d2.js ... 
2024-05-25 03:37:36 +0000  1496 bytes for ./Payload/SubWalletMobile.app/Web.bundle/site/fallback-6fe381d0214a6d4624d2.js
copying file ./Payload/SubWalletMobile.app/Web.bundle/site/index.html ... 
2024-05-25 03:37:36 +0000  428 bytes for ./Payload/SubWalletMobile.app/Web.bundle/site/index.html
2024-05-25 03:37:36 +0000  copying file ./Payload/SubWalletMobile.app/Web.bundle/site/locales/ur/translation.json ... 
2024-05-25 03:37:36 +0000  14773 bytes for ./Payload/SubWalletMobile.app/Web.bundle/site/locales/ur/translation.json
2024-05-25 03:37:36 +0000  copying file ./Payload/SubWalletMobile.app/Web.bundle/site/locales/pl/translation.json ... 
2024-05-25 03:37:36 +0000  11715 bytes for ./Payload/SubWalletMobile.app/Web.bundle/site/locales/pl/translation.json
2024-05-25 03:37:36 +0000  copying file ./Payload/SubWalletMobile.app/Web.bundle/site/locales/vi/translation.json ... 
2024-05-25 03:37:36 +0000  65449 bytes for ./Payload/SubWalletMobile.app/Web.bundle/site/locales/vi/translation.json
2024-05-25 03:37:36 +0000  copying file ./Payload/SubWalletMobile.app/Web.bundle/site/locales/ja/translation.json ... 
2024-05-25 03:37:36 +0000  72358 bytes for ./Payload/SubWalletMobile.app/Web.bundle/site/locales/ja/translation.json
2024-05-25 03:37:36 +0000  copying file ./Payload/SubWalletMobile.app/Web.bundle/site/locales/ru/translation.json ... 
2024-05-25 03:37:36 +0000  77253 bytes for ./Payload/SubWalletMobile.app/Web.bundle/site/locales/ru/translation.json
2024-05-25 03:37:36 +0000  copying file ./Payload/SubWalletMobile.app/Web.bundle/site/locales/default/translation.json ... 
2024-05-25 03:37:36 +0000  20265 bytes for ./Payload/SubWalletMobile.app/Web.bundle/site/locales/default/translation.json
2024-05-25 03:37:36 +0000  copying file ./Payload/SubWalletMobile.app/Web.bundle/site/locales/zh/translation.json ... 
2024-05-25 03:37:36 +0000  59214 bytes for ./Payload/SubWalletMobile.app/Web.bundle/site/locales/zh/translation.json
2024-05-25 03:37:36 +0000  copying file ./Payload/SubWalletMobile.app/Web.bundle/site/locales/fr/translation.json ... 
2024-05-25 03:37:36 +0000  11389 bytes for ./Payload/SubWalletMobile.app/Web.bundle/site/locales/fr/translation.json
2024-05-25 03:37:36 +0000  copying file ./Payload/SubWalletMobile.app/Web.bundle/site/locales/en/translation.json ... 
2024-05-25 03:37:36 +0000  46829 bytes for ./Payload/SubWalletMobile.app/Web.bundle/site/locales/en/translation.json
2024-05-25 03:37:36 +0000  copying file ./Payload/SubWalletMobile.app/Web.bundle/site/locales/th/translation.json ... 
2024-05-25 03:37:36 +0000  17388 bytes for ./Payload/SubWalletMobile.app/Web.bundle/site/locales/th/translation.json
2024-05-25 03:37:36 +0000  copying file ./Payload/SubWalletMobile.app/Web.bundle/site/locales/tr/translation.json ... 
2024-05-25 03:37:36 +0000  11577 bytes for ./Payload/SubWalletMobile.app/Web.bundle/site/locales/tr/translation.json
copying file ./Payload/SubWalletMobile.app/Web.bundle/site/201-78941633235d13cd2ed6.js ... 
2024-05-25 03:37:36 +0000  447098 bytes for ./Payload/SubWalletMobile.app/Web.bundle/site/201-78941633235d13cd2ed6.js
2024-05-25 03:37:36 +0000  copying file ./Payload/SubWalletMobile.app/Web.bundle/site/659-afbe9072c58972dfc2b7.js ... 
2024-05-25 03:37:36 +0000  196012 bytes for ./Payload/SubWalletMobile.app/Web.bundle/site/659-afbe9072c58972dfc2b7.js
2024-05-25 03:37:36 +0000  copying file ./Payload/SubWalletMobile.app/Web.bundle/site/98fbf7a34bbad0222a67.module.wasm ... 
2024-05-25 03:37:36 +0000  44063 bytes for ./Payload/SubWalletMobile.app/Web.bundle/site/98fbf7a34bbad0222a67.module.wasm
2024-05-25 03:37:36 +0000  copying file ./Payload/SubWalletMobile.app/Web.bundle/site/265-2e4c815e5ae78be0eaa6.js ... 
2024-05-25 03:37:36 +0000  146725 bytes for ./Payload/SubWalletMobile.app/Web.bundle/site/265-2e4c815e5ae78be0eaa6.js
copying file ./Payload/SubWalletMobile.app/Web.bundle/site/f61b28262cc48d9463b9.module.wasm ... 
2024-05-25 03:37:36 +0000  39969 bytes for ./Payload/SubWalletMobile.app/Web.bundle/site/f61b28262cc48d9463b9.module.wasm
copying file ./Payload/SubWalletMobile.app/Web.bundle/site/web-runner-35990cb160c8593c0c2e.js ... 
2024-05-25 03:37:36 +0000  8034914 bytes for ./Payload/SubWalletMobile.app/Web.bundle/site/web-runner-35990cb160c8593c0c2e.js
2024-05-25 03:37:36 +0000  copying file ./Payload/SubWalletMobile.app/Web.bundle/site/566175618152a03f69ea.module.wasm ... 
2024-05-25 03:37:36 +0000  118169 bytes for ./Payload/SubWalletMobile.app/Web.bundle/site/566175618152a03f69ea.module.wasm
copying file ./Payload/SubWalletMobile.app/Web.bundle/site/1bf4fdce9fbce91bbe77.module.wasm ... 
2024-05-25 03:37:36 +0000  168703 bytes for ./Payload/SubWalletMobile.app/Web.bundle/site/1bf4fdce9fbce91bbe77.module.wasm
2024-05-25 03:37:36 +0000  copying file ./Payload/SubWalletMobile.app/Web.bundle/site/832-2621598dd9b0420fb94b.js ... 
2024-05-25 03:37:36 +0000  2288 bytes for ./Payload/SubWalletMobile.app/Web.bundle/site/832-2621598dd9b0420fb94b.js
2024-05-25 03:37:36 +0000  copying file ./Payload/SubWalletMobile.app/Web.bundle/site/307-38f59dab88251c3939ce.js ... 
2024-05-25 03:37:36 +0000  538348 bytes for ./Payload/SubWalletMobile.app/Web.bundle/site/307-38f59dab88251c3939ce.js
copying file ./Payload/SubWalletMobile.app/Web.bundle/site/911-993e47f89b691c0e0c08.js ... 
2024-05-25 03:37:36 +0000  25278 bytes for ./Payload/SubWalletMobile.app/Web.bundle/site/911-993e47f89b691c0e0c08.js
2024-05-25 03:37:36 +0000  copying file ./Payload/SubWalletMobile.app/Web.bundle/site/998-a5495f9021502217f220.js ... 
2024-05-25 03:37:36 +0000  2968505 bytes for ./Payload/SubWalletMobile.app/Web.bundle/site/998-a5495f9021502217f220.js
2024-05-25 03:37:36 +0000  copying file ./Payload/SubWalletMobile.app/Octicons.ttf ... 
2024-05-25 03:37:36 +0000  49404 bytes for ./Payload/SubWalletMobile.app/Octicons.ttf
copying file ./Payload/SubWalletMobile.app/Feather.ttf ... 
2024-05-25 03:37:36 +0000  56228 bytes for ./Payload/SubWalletMobile.app/Feather.ttf
2024-05-25 03:37:36 +0000  copying file ./Payload/SubWalletMobile.app/SplashScreen.storyboardc/01J-lp-oVM-view-Ze5-6b-2t3.nib ... 
2024-05-25 03:37:36 +0000  5046 bytes for ./Payload/SubWalletMobile.app/SplashScreen.storyboardc/01J-lp-oVM-view-Ze5-6b-2t3.nib
2024-05-25 03:37:36 +0000  copying file ./Payload/SubWalletMobile.app/SplashScreen.storyboardc/UIViewController-01J-lp-oVM.nib ... 
2024-05-25 03:37:36 +0000  924 bytes for ./Payload/SubWalletMobile.app/SplashScreen.storyboardc/UIViewController-01J-lp-oVM.nib
copying file ./Payload/SubWalletMobile.app/SplashScreen.storyboardc/Info.plist ... 
2024-05-25 03:37:36 +0000  258 bytes for ./Payload/SubWalletMobile.app/SplashScreen.storyboardc/Info.plist
2024-05-25 03:37:36 +0000  copying file ./Payload/SubWalletMobile.app/PageJs.bundle/page.js ... 
2024-05-25 03:37:36 +0000  70590 bytes for ./Payload/SubWalletMobile.app/PageJs.bundle/page.js
2024-05-25 03:37:36 +0000  copying file ./Payload/SubWalletMobile.app/FontAwesome6_Regular.ttf ... 
2024-05-25 03:37:36 +0000  63348 bytes for ./Payload/SubWalletMobile.app/FontAwesome6_Regular.ttf
copying file ./Payload/SubWalletMobile.app/Entypo.ttf ... 
2024-05-25 03:37:36 +0000  66200 bytes for ./Payload/SubWalletMobile.app/Entypo.ttf
2024-05-25 03:37:36 +0000  copying file ./Payload/SubWalletMobile.app/FontAwesome5_Brands.ttf ... 
2024-05-25 03:37:36 +0000  134040 bytes for ./Payload/SubWalletMobile.app/FontAwesome5_Brands.ttf
2024-05-25 03:37:36 +0000  copying file ./Payload/SubWalletMobile.app/MaterialCommunityIcons.ttf ... 
2024-05-25 03:37:36 +0000  1147844 bytes for ./Payload/SubWalletMobile.app/MaterialCommunityIcons.ttf
copying file ./Payload/SubWalletMobile.app/AppIcon60x60@2x.png ... 
2024-05-25 03:37:36 +0000  19577 bytes for ./Payload/SubWalletMobile.app/AppIcon60x60@2x.png
2024-05-25 03:37:36 +0000  copying file ./Payload/SubWalletMobile.app/AntDesign.ttf ... 
2024-05-25 03:37:36 +0000  70344 bytes for ./Payload/SubWalletMobile.app/AntDesign.ttf
copying file ./Payload/SubWalletMobile.app/Foundation.ttf ... 
2024-05-25 03:37:36 +0000  56976 bytes for ./Payload/SubWalletMobile.app/Foundation.ttf
copying file ./Payload/SubWalletMobile.app/Ionicons.ttf ... 
2024-05-25 03:37:36 +0000  442604 bytes for ./Payload/SubWalletMobile.app/Ionicons.ttf
copying file ./Payload/SubWalletMobile.app/FontAwesome5_Solid.ttf ... 
2024-05-25 03:37:36 +0000  202744 bytes for ./Payload/SubWalletMobile.app/FontAwesome5_Solid.ttf
2024-05-25 03:37:36 +0000  copying file ./Payload/SubWalletMobile.app/FontAwesome5_Regular.ttf ... 
2024-05-25 03:37:36 +0000  33736 bytes for ./Payload/SubWalletMobile.app/FontAwesome5_Regular.ttf
copying file ./Payload/SubWalletMobile.app/AccessibilityResources.bundle/en.lproj/Localizable.strings ... 
2024-05-25 03:37:36 +0000  518 bytes for ./Payload/SubWalletMobile.app/AccessibilityResources.bundle/en.lproj/Localizable.strings
2024-05-25 03:37:36 +0000  copying file ./Payload/SubWalletMobile.app/AccessibilityResources.bundle/Info.plist ... 
793 bytes for ./Payload/SubWalletMobile.app/AccessibilityResources.bundle/Info.plist
copying file ./Payload/SubWalletMobile.app/FontAwesome.ttf ... 
2024-05-25 03:37:36 +0000  165548 bytes for ./Payload/SubWalletMobile.app/FontAwesome.ttf
copying file ./Payload/SubWalletMobile.app/Zocial.ttf ... 
2024-05-25 03:37:36 +0000  25788 bytes for ./Payload/SubWalletMobile.app/Zocial.ttf
copying file ./Payload/SubWalletMobile.app/Assets.car ... 
2024-05-25 03:37:36 +0000  4795967 bytes for ./Payload/SubWalletMobile.app/Assets.car
copying file ./Payload/SubWalletMobile.app/EvilIcons.ttf ... 
2024-05-25 03:37:36 +0000  13456 bytes for ./Payload/SubWalletMobile.app/EvilIcons.ttf
copying file ./Payload/SubWalletMobile.app/AppIcon76x76@2x~ipad.png ... 
2024-05-25 03:37:36 +0000  26974 bytes for ./Payload/SubWalletMobile.app/AppIcon76x76@2x~ipad.png
2024-05-25 03:37:36 +0000  copying file ./Payload/SubWalletMobile.app/main.jsbundle ... 
2024-05-25 03:37:37 +0000  30551980 bytes for ./Payload/SubWalletMobile.app/main.jsbundle
copying file ./Payload/SubWalletMobile.app/FontAwesome6_Solid.ttf ... 
2024-05-25 03:37:37 +0000  394668 bytes for ./Payload/SubWalletMobile.app/FontAwesome6_Solid.ttf
copying file ./Payload/SubWalletMobile.app/PrivacyInfo.xcprivacy ... 
2024-05-25 03:37:37 +0000  1109 bytes for ./Payload/SubWalletMobile.app/PrivacyInfo.xcprivacy
2024-05-25 03:37:37 +0000  copying file ./Payload/SubWalletMobile.app/Frameworks/hermes.framework/_CodeSignature/CodeResources ... 
1798 bytes for ./Payload/SubWalletMobile.app/Frameworks/hermes.framework/_CodeSignature/CodeResources
copying file ./Payload/SubWalletMobile.app/Frameworks/hermes.framework/hermes ... 
2024-05-25 03:37:38 +0000  3240672 bytes for ./Payload/SubWalletMobile.app/Frameworks/hermes.framework/hermes
2024-05-25 03:37:38 +0000  copying file ./Payload/SubWalletMobile.app/Frameworks/hermes.framework/Info.plist ... 
2024-05-25 03:37:38 +0000  815 bytes for ./Payload/SubWalletMobile.app/Frameworks/hermes.framework/Info.plist
2024-05-25 03:37:38 +0000  copying file ./Payload/SubWalletMobile.app/SimpleLineIcons.ttf ... 
2024-05-25 03:37:38 +0000  54056 bytes for ./Payload/SubWalletMobile.app/SimpleLineIcons.ttf
2024-05-25 03:37:38 +0000  copying file ./Payload/SubWalletMobile.app/FontAwesome6_Brands.ttf ... 
2024-05-25 03:37:38 +0000  189684 bytes for ./Payload/SubWalletMobile.app/FontAwesome6_Brands.ttf
copying file ./Payload/SubWalletMobile.app/fonts/PlusJakartaSans-Light.ttf ... 
2024-05-25 03:37:38 +0000  94612 bytes for ./Payload/SubWalletMobile.app/fonts/PlusJakartaSans-Light.ttf
copying file ./Payload/SubWalletMobile.app/fonts/PlusJakartaSans-Medium.ttf ... 
2024-05-25 03:37:38 +0000  94568 bytes for ./Payload/SubWalletMobile.app/fonts/PlusJakartaSans-Medium.ttf
2024-05-25 03:37:38 +0000  copying file ./Payload/SubWalletMobile.app/fonts/FontAwesome5_Brands.ttf ... 
2024-05-25 03:37:38 +0000  125016 bytes for ./Payload/SubWalletMobile.app/fonts/FontAwesome5_Brands.ttf
2024-05-25 03:37:38 +0000  copying file ./Payload/SubWalletMobile.app/fonts/PlusJakartaSans-SemiBold.ttf ... 
2024-05-25 03:37:38 +0000  94560 bytes for ./Payload/SubWalletMobile.app/fonts/PlusJakartaSans-SemiBold.ttf
copying file ./Payload/SubWalletMobile.app/fonts/FontAwesome5_Solid.ttf ... 
2024-05-25 03:37:38 +0000  186228 bytes for ./Payload/SubWalletMobile.app/fonts/FontAwesome5_Solid.ttf
copying file ./Payload/SubWalletMobile.app/fonts/FontAwesome5_Regular.ttf ... 
2024-05-25 03:37:38 +0000  34092 bytes for ./Payload/SubWalletMobile.app/fonts/FontAwesome5_Regular.ttf
copying file ./Payload/SubWalletMobile.app/fonts/PlusJakartaSans-Regular.ttf ... 
2024-05-25 03:37:38 +0000  94568 bytes for ./Payload/SubWalletMobile.app/fonts/PlusJakartaSans-Regular.ttf
copying file ./Payload/SubWalletMobile.app/fonts/FontAwesome.ttf ... 
2024-05-25 03:37:38 +0000  165548 bytes for ./Payload/SubWalletMobile.app/fonts/FontAwesome.ttf
copying file ./Payload/SubWalletMobile.app/fonts/PlusJakartaSans-Bold.ttf ... 
2024-05-25 03:37:38 +0000  94444 bytes for ./Payload/SubWalletMobile.app/fonts/PlusJakartaSans-Bold.ttf
2024-05-25 03:37:38 +0000  copying file ./Payload/SubWalletMobile.app/embedded.mobileprovision ... 
20379 bytes for ./Payload/SubWalletMobile.app/embedded.mobileprovision
2024-05-25 03:37:38 +0000  copying file ./Payload/SubWalletMobile.app/assets/node_modules/react-native-ratings/dist/images/bell.png ... 
2024-05-25 03:37:38 +0000  2989 bytes for ./Payload/SubWalletMobile.app/assets/node_modules/react-native-ratings/dist/images/bell.png
2024-05-25 03:37:38 +0000  copying file ./Payload/SubWalletMobile.app/assets/node_modules/react-native-ratings/dist/images/airbnb-star-selected.png ... 
934 bytes for ./Payload/SubWalletMobile.app/assets/node_modules/react-native-ratings/dist/images/airbnb-star-selected.png
copying file ./Payload/SubWalletMobile.app/assets/node_modules/react-native-ratings/dist/images/heart.png ... 
1928 bytes for ./Payload/SubWalletMobile.app/assets/node_modules/react-native-ratings/dist/images/heart.png
copying file ./Payload/SubWalletMobile.app/assets/node_modules/react-native-ratings/dist/images/airbnb-star.png ... 
930 bytes for ./Payload/SubWalletMobile.app/assets/node_modules/react-native-ratings/dist/images/airbnb-star.png
copying file ./Payload/SubWalletMobile.app/assets/node_modules/react-native-ratings/dist/images/rocket.png ... 
4050 bytes for ./Payload/SubWalletMobile.app/assets/node_modules/react-native-ratings/dist/images/rocket.png
copying file ./Payload/SubWalletMobile.app/assets/node_modules/react-native-ratings/dist/images/star.png ... 
1961 bytes for ./Payload/SubWalletMobile.app/assets/node_modules/react-native-ratings/dist/images/star.png
2024-05-25 03:37:38 +0000  copying file ./Payload/SubWalletMobile.app/assets/node_modules/@react-navigation/drawer/src/views/assets/toggle-drawer-icon@3x.png ... 
2024-05-25 03:37:38 +0000  212 bytes for ./Payload/SubWalletMobile.app/assets/node_modules/@react-navigation/drawer/src/views/assets/toggle-drawer-icon@3x.png
copying file ./Payload/SubWalletMobile.app/assets/node_modules/@react-navigation/drawer/src/views/assets/toggle-drawer-icon@2x.png ... 
2024-05-25 03:37:38 +0000  163 bytes for ./Payload/SubWalletMobile.app/assets/node_modules/@react-navigation/drawer/src/views/assets/toggle-drawer-icon@2x.png
copying file ./Payload/SubWalletMobile.app/assets/node_modules/@react-navigation/drawer/src/views/assets/toggle-drawer-icon.png ... 
2024-05-25 03:37:38 +0000  108 bytes for ./Payload/SubWalletMobile.app/assets/node_modules/@react-navigation/drawer/src/views/assets/toggle-drawer-icon.png
2024-05-25 03:37:38 +0000  copying file ./Payload/SubWalletMobile.app/assets/node_modules/@react-navigation/elements/src/assets/back-icon@3x.png ... 
761 bytes for ./Payload/SubWalletMobile.app/assets/node_modules/@react-navigation/elements/src/assets/back-icon@3x.png
copying file ./Payload/SubWalletMobile.app/assets/node_modules/@react-navigation/elements/src/assets/back-icon@2x.png ... 
405 bytes for ./Payload/SubWalletMobile.app/assets/node_modules/@react-navigation/elements/src/assets/back-icon@2x.png
copying file ./Payload/SubWalletMobile.app/assets/node_modules/@react-navigation/elements/src/assets/back-icon.png ... 
290 bytes for ./Payload/SubWalletMobile.app/assets/node_modules/@react-navigation/elements/src/assets/back-icon.png
copying file ./Payload/SubWalletMobile.app/assets/node_modules/@react-navigation/elements/src/assets/back-icon-mask.png ... 
913 bytes for ./Payload/SubWalletMobile.app/assets/node_modules/@react-navigation/elements/src/assets/back-icon-mask.png
2024-05-25 03:37:38 +0000  copying file ./Payload/SubWalletMobile.app/assets/src/components/design-system-ui/qr-code/sw-logo.png ... 
2024-05-25 03:37:38 +0000  13004 bytes for ./Payload/SubWalletMobile.app/assets/src/components/design-system-ui/qr-code/sw-logo.png
2024-05-25 03:37:38 +0000  copying file ./Payload/SubWalletMobile.app/assets/src/assets/subwallet-logo-gradient.png ... 
2024-05-25 03:37:38 +0000  161044 bytes for ./Payload/SubWalletMobile.app/assets/src/assets/subwallet-logo-gradient.png
2024-05-25 03:37:38 +0000  copying file ./Payload/SubWalletMobile.app/assets/src/assets/subwallet-background-img.png ... 
2024-05-25 03:37:38 +0000  247891 bytes for ./Payload/SubWalletMobile.app/assets/src/assets/subwallet-background-img.png
2024-05-25 03:37:38 +0000  copying file ./Payload/SubWalletMobile.app/assets/src/assets/avatar-placeholder.png ... 
2904 bytes for ./Payload/SubWalletMobile.app/assets/src/assets/avatar-placeholder.png
copying file ./Payload/SubWalletMobile.app/assets/src/assets/transaction-history-coming-soon.png ... 
2024-05-25 03:37:38 +0000  79214 bytes for ./Payload/SubWalletMobile.app/assets/src/assets/transaction-history-coming-soon.png
2024-05-25 03:37:38 +0000  copying file ./Payload/SubWalletMobile.app/assets/src/assets/logo/207.vault.png ... 
8764 bytes for ./Payload/SubWalletMobile.app/assets/src/assets/logo/207.vault.png
copying file ./Payload/SubWalletMobile.app/assets/src/assets/logo/202.keystone.png ... 
8987 bytes for ./Payload/SubWalletMobile.app/assets/src/assets/logo/202.keystone.png
copying file ./Payload/SubWalletMobile.app/assets/src/assets/logo/CurrencyBRL.png ... 
567 bytes for ./Payload/SubWalletMobile.app/assets/src/assets/logo/CurrencyBRL.png
copying file ./Payload/SubWalletMobile.app/assets/src/assets/logo/stellaswap.png ... 
13143 bytes for ./Payload/SubWalletMobile.app/assets/src/assets/logo/stellaswap.png
copying file ./Payload/SubWalletMobile.app/assets/src/assets/logo/CurrencyHKD.png ... 
466 bytes for ./Payload/SubWalletMobile.app/assets/src/assets/logo/CurrencyHKD.png
copying file ./Payload/SubWalletMobile.app/assets/src/assets/logo/moonpay.png ... 
4280 bytes for ./Payload/SubWalletMobile.app/assets/src/assets/logo/moonpay.png
copying file ./Payload/SubWalletMobile.app/assets/src/assets/logo/banxa.png ... 
11063 bytes for ./Payload/SubWalletMobile.app/assets/src/assets/logo/banxa.png
copying file ./Payload/SubWalletMobile.app/assets/src/assets/logo/hydradx.png ... 
2024-05-25 03:37:38 +0000  5362 bytes for ./Payload/SubWalletMobile.app/assets/src/assets/logo/hydradx.png
2024-05-25 03:37:38 +0000  copying file ./Payload/SubWalletMobile.app/assets/src/assets/logo/transak.png ... 
2024-05-25 03:37:38 +0000  15609 bytes for ./Payload/SubWalletMobile.app/assets/src/assets/logo/transak.png
copying file ./Payload/SubWalletMobile.app/assets/src/assets/logo/203.__qr_code__.png ... 
2024-05-25 03:37:38 +0000  11562 bytes for ./Payload/SubWalletMobile.app/assets/src/assets/logo/203.__qr_code__.png
copying file ./Payload/SubWalletMobile.app/assets/src/assets/logo/00.subwallet.png ... 
2024-05-25 03:37:38 +0000  28642 bytes for ./Payload/SubWalletMobile.app/assets/src/assets/logo/00.subwallet.png
2024-05-25 03:37:38 +0000  copying file ./Payload/SubWalletMobile.app/assets/src/assets/logo/CurrencyCNY.png ... 
2024-05-25 03:37:38 +0000  404 bytes for ./Payload/SubWalletMobile.app/assets/src/assets/logo/CurrencyCNY.png
2024-05-25 03:37:38 +0000  copying file ./Payload/SubWalletMobile.app/assets/src/assets/logo/chainflip-mainnet.png ... 
2024-05-25 03:37:38 +0000  5621 bytes for ./Payload/SubWalletMobile.app/assets/src/assets/logo/chainflip-mainnet.png
2024-05-25 03:37:38 +0000  copying file ./Payload/SubWalletMobile.app/assets/src/assets/logo/coinbase.png ... 
2024-05-25 03:37:38 +0000  5650 bytes for ./Payload/SubWalletMobile.app/assets/src/assets/logo/coinbase.png
2024-05-25 03:37:38 +0000  copying file ./Payload/SubWalletMobile.app/assets/src/assets/logo/default.png ... 
2024-05-25 03:37:38 +0000  8751 bytes for ./Payload/SubWalletMobile.app/assets/src/assets/logo/default.png
2024-05-25 03:37:38 +0000  copying file ./Payload/SubWalletMobile.app/assets/src/assets/logo/CurrencyVND.png ... 
2024-05-25 03:37:38 +0000  302 bytes for ./Payload/SubWalletMobile.app/assets/src/assets/logo/CurrencyVND.png
copying file ./Payload/SubWalletMobile.app/assets/src/assets/logo/onramper.png ... 
2024-05-25 03:37:38 +0000  4600 bytes for ./Payload/SubWalletMobile.app/assets/src/assets/logo/onramper.png
2024-05-25 03:37:38 +0000  copying file ./Payload/SubWalletMobile.app/assets/src/assets/circle-robot.png ... 
2024-05-25 03:37:38 +0000  2953 bytes for ./Payload/SubWalletMobile.app/assets/src/assets/circle-robot.png
copying file ./Payload/SubWalletMobile.app/assets/src/assets/squircleBorder.png ... 
2024-05-25 03:37:38 +0000  3212 bytes for ./Payload/SubWalletMobile.app/assets/src/assets/squircleBorder.png
2024-05-25 03:37:38 +0000  copying file ./Payload/SubWalletMobile.app/SubWalletMobile ... 
2024-05-25 03:37:38 +0000  6927120 bytes for ./Payload/SubWalletMobile.app/SubWalletMobile
2024-05-25 03:37:38 +0000  copying file ./Payload/SubWalletMobile.app/Info.plist ... 
2771 bytes for ./Payload/SubWalletMobile.app/Info.plist
copying file ./Payload/SubWalletMobile.app/PkgInfo ... 
2024-05-25 03:37:38 +0000  8 bytes for ./Payload/SubWalletMobile.app/PkgInfo
2024-05-25 03:37:38 +0000  copying file ./Payload/SubWalletMobile.app/MaterialIcons.ttf ... 
2024-05-25 03:37:38 +0000  356840 bytes for ./Payload/SubWalletMobile.app/MaterialIcons.ttf
2024-05-25 03:37:38 +0000  /usr/bin/ditto exited with 0
2024-05-25 03:37:38 +0000  Processing step: IDEDistributionAppStoreInformationStep
2024-05-25 03:37:38 +0000  Skipping step: IDEDistributionAppStoreInformationStep because it said so
2024-05-25 03:37:38 +0000  Processing step: IDEDistributionGenerateProcessedDistributionItems
2024-05-25 03:37:38 +0000  IDEDistributionItem init <DVTFilePath:0x60003704c1c0:'/var/folders/6g/400j11zx22ldxm9qfsh7ryzh0000gn/T/XcodeDistPipeline.~~~xpYWAQ/Root/Payload/SubWalletMobile.app/Frameworks/hermes.framework'>
2024-05-25 03:37:38 +0000  IDEDistributionItem init <DVTFilePath:0x60003704c540:'/var/folders/6g/400j11zx22ldxm9qfsh7ryzh0000gn/T/XcodeDistPipeline.~~~xpYWAQ/Root/Payload/SubWalletMobile.app'>
2024-05-25 03:37:38 +0000  Processing step: IDEDistributionCreateManifestStep
